11:27:22,565 log INFO Connection successful LOL
11:27:22,677 log INFO Connection successful LOL
11:27:22,791 log INFO Connection successful LOL
11:27:22,905 log INFO Connection successful LOL
11:27:23,10 log INFO Connection successful LOL
11:27:23,116 log INFO Connection successful LOL
11:27:23,222 log INFO Connection successful LOL
11:27:23,329 log INFO Connection successful LOL
11:27:23,436 log INFO Connection successful LOL
11:27:23,549 log INFO Connection successful LOL
11:27:23,657 log INFO Connection successful LOL
11:27:23,770 log INFO Connection successful LOL
11:27:23,883 log INFO Connection successful LOL
11:27:23,996 log INFO Connection successful LOL
11:27:24,98 log INFO Connection successful LOL
11:27:24,208 log INFO Connection successful LOL
11:27:24,317 log INFO Connection successful LOL
11:27:24,427 log INFO Connection successful LOL
11:27:24,533 log INFO Connection successful LOL
11:27:24,644 log INFO Connection successful LOL
11:27:24,752 log INFO Connection successful LOL
11:27:24,863 log INFO Connection successful LOL
11:27:24,971 log INFO Connection successful LOL
11:27:25,76 log INFO Connection successful LOL
11:27:25,176 log INFO Connection successful LOL
11:27:25,282 log INFO Connection successful LOL
11:27:25,389 log INFO Connection successful LOL
11:27:25,497 log INFO Connection successful LOL
11:27:25,600 log INFO Connection successful LOL
11:27:25,706 log INFO Connection successful LOL
11:27:25,813 log INFO Connection successful LOL
11:27:25,926 log INFO Connection successful LOL
11:27:26,29 log INFO Connection successful LOL
11:27:26,139 log INFO Connection successful LOL
11:27:26,240 log INFO Connection successful LOL
11:27:26,348 log INFO Connection successful LOL
11:27:26,451 log INFO Connection successful LOL
11:27:26,563 log INFO Connection successful LOL
11:27:26,672 log INFO Connection successful LOL
11:27:26,780 log INFO Connection successful LOL
11:27:26,882 log INFO Connection successful LOL
11:27:26,990 log INFO Connection successful LOL
11:34:39,46 log INFO Connection successful LOL
11:34:39,156 log INFO Connection successful LOL
11:34:39,271 log INFO Connection successful LOL
11:34:39,544 log INFO Connection successful LOL
11:34:39,859 log INFO Connection successful LOL
11:34:40,15 log INFO Connection successful LOL
11:34:40,118 log INFO Connection successful LOL
11:34:40,231 log INFO Connection successful LOL
11:34:40,334 log INFO Connection successful LOL
11:34:40,442 log INFO Connection successful LOL
11:34:40,544 log INFO Connection successful LOL
11:34:40,658 log INFO Connection successful LOL
11:34:40,763 log INFO Connection successful LOL
11:34:40,873 log INFO Connection successful LOL
11:34:40,981 log INFO Connection successful LOL
11:34:41,92 log INFO Connection successful LOL
11:34:41,199 log INFO Connection successful LOL
11:34:41,311 log INFO Connection successful LOL
11:34:41,417 log INFO Connection successful LOL
11:34:41,527 log INFO Connection successful LOL
11:34:41,635 log INFO Connection successful LOL
11:34:41,749 log INFO Connection successful LOL
11:34:41,860 log INFO Connection successful LOL
11:34:41,975 log INFO Connection successful LOL
11:34:42,79 log INFO Connection successful LOL
11:34:42,192 log INFO Connection successful LOL
11:34:42,297 log INFO Connection successful LOL
11:34:42,423 log INFO Connection successful LOL
11:34:42,676 log INFO Connection successful LOL
11:34:42,902 log INFO Connection successful LOL
11:34:43,9 log INFO Connection successful LOL
11:34:43,118 log INFO Connection successful LOL
11:34:43,225 log INFO Connection successful LOL
11:34:43,336 log INFO Connection successful LOL
11:34:43,438 log INFO Connection successful LOL
11:34:43,554 log INFO Connection successful LOL
11:34:43,662 log INFO Connection successful LOL
11:34:43,772 log INFO Connection successful LOL
11:34:43,879 log INFO Connection successful LOL
11:34:43,990 log INFO Connection successful LOL
11:34:44,96 log INFO Connection successful LOL
11:34:44,204 log INFO Connection successful LOL
11:36:59,836 log INFO Connection successful LOL
11:36:59,944 log INFO Connection successful LOL
11:37:00,116 log INFO Connection successful LOL
11:37:00,227 log INFO Connection successful LOL
11:37:00,333 log INFO Connection successful LOL
11:37:00,443 log INFO Connection successful LOL
11:37:00,549 log INFO Connection successful LOL
11:37:00,663 log INFO Connection successful LOL
11:37:00,767 log INFO Connection successful LOL
11:37:00,874 log INFO Connection successful LOL
11:37:00,981 log INFO Connection successful LOL
11:37:01,99 log INFO Connection successful LOL
11:37:01,213 log INFO Connection successful LOL
11:37:01,326 log INFO Connection successful LOL
11:37:01,436 log INFO Connection successful LOL
11:37:01,544 log INFO Connection successful LOL
11:37:01,647 log INFO Connection successful LOL
11:37:01,758 log INFO Connection successful LOL
11:37:01,862 log INFO Connection successful LOL
11:37:01,975 log INFO Connection successful LOL
11:37:02,80 log INFO Connection successful LOL
11:37:02,186 log INFO Connection successful LOL
11:37:02,288 log INFO Connection successful LOL
11:37:02,399 log INFO Connection successful LOL
11:37:02,507 log INFO Connection successful LOL
11:37:02,621 log INFO Connection successful LOL
11:37:02,731 log INFO Connection successful LOL
11:37:02,848 log INFO Connection successful LOL
11:37:02,958 log INFO Connection successful LOL
11:37:03,72 log INFO Connection successful LOL
11:37:03,180 log INFO Connection successful LOL
11:37:03,412 log INFO Connection successful LOL
11:37:03,706 log INFO Connection successful LOL
11:37:04,20 log INFO Connection successful LOL
11:37:04,159 log INFO Connection successful LOL
11:37:04,383 log INFO Connection successful LOL
11:37:04,613 log INFO Connection successful LOL
11:37:04,725 log INFO Connection successful LOL
11:37:04,833 log INFO Connection successful LOL
11:37:04,944 log INFO Connection successful LOL
11:37:05,50 log INFO Connection successful LOL
11:37:05,162 log INFO Connection successful LOL
11:40:50,871 log INFO Connection successful LOL
11:40:50,983 log INFO Connection successful LOL
11:40:51,95 log INFO Connection successful LOL
11:40:51,209 log INFO Connection successful LOL
11:40:51,318 log INFO Connection successful LOL
11:40:51,431 log INFO Connection successful LOL
11:40:51,534 log INFO Connection successful LOL
11:40:51,642 log INFO Connection successful LOL
11:40:51,743 log INFO Connection successful LOL
11:40:51,850 log INFO Connection successful LOL
11:40:51,956 log INFO Connection successful LOL
11:40:52,67 log INFO Connection successful LOL
11:40:52,167 log INFO Connection successful LOL
11:40:52,279 log INFO Connection successful LOL
11:40:52,458 log INFO Connection successful LOL
11:40:52,791 log INFO Connection successful LOL
11:40:52,974 log INFO Connection successful LOL
11:40:53,84 log INFO Connection successful LOL
11:40:53,187 log INFO Connection successful LOL
11:40:53,300 log INFO Connection successful LOL
11:40:53,405 log INFO Connection successful LOL
11:40:53,512 log INFO Connection successful LOL
11:40:53,619 log INFO Connection successful LOL
11:40:53,735 log INFO Connection successful LOL
11:40:53,842 log INFO Connection successful LOL
11:40:53,951 log INFO Connection successful LOL
11:40:54,72 log INFO Connection successful LOL
11:40:54,184 log INFO Connection successful LOL
11:40:54,293 log INFO Connection successful LOL
11:40:54,409 log INFO Connection successful LOL
11:40:54,515 log INFO Connection successful LOL
11:40:54,621 log INFO Connection successful LOL
11:40:54,722 log INFO Connection successful LOL
11:40:54,834 log INFO Connection successful LOL
11:40:54,945 log INFO Connection successful LOL
11:40:55,53 log INFO Connection successful LOL
11:40:55,159 log INFO Connection successful LOL
11:40:55,271 log INFO Connection successful LOL
11:40:55,379 log INFO Connection successful LOL
11:40:55,489 log INFO Connection successful LOL
11:40:55,590 log INFO Connection successful LOL
11:40:55,696 log INFO Connection successful LOL
12:14:31,227 botocore.credentials INFO Found credentials in shared credentials file: ~/.aws/credentials
12:14:31,427 log INFO logger import worked!
12:14:31,428 log INFO application ran
12:14:31,526 log INFO Connection successful LOL
12:14:40,65 log INFO Extract time: 8.6369
12:14:40,156 log INFO Connection successful LOL
12:14:40,265 log INFO Connection successful LOL
12:14:40,352 log INFO Transform time: 0.2868
12:14:40,458 log INFO Load connection successful LOL
12:14:40,458 log INFO The number of transactions processed:10
12:14:40,723 log INFO Load connection successful LOL
12:14:40,723 log INFO The number of unique drinks processed: 0
12:14:40,811 log INFO Load connection successful LOL
12:14:40,811 log INFO The number of unique locations processed: 0
12:14:40,898 log INFO Load connection successful LOL
12:14:41,567 log INFO Loading time: 1.2151
12:14:41,567 log INFO total time: 10.1388
12:18:46,213 botocore.credentials INFO Found credentials in shared credentials file: ~/.aws/credentials
12:18:46,407 log INFO logger import worked!
12:18:46,409 log INFO application ran
12:18:46,488 log INFO Connection successful LOL
12:18:53,958 log INFO Extract time: 7.5494
12:18:54,193 log INFO Connection successful LOL
12:18:54,555 log INFO Connection successful LOL
12:18:54,721 log INFO Transform time: 0.7631
12:18:54,875 log INFO Load connection successful LOL
12:18:54,876 log INFO The number of transactions processed:10
12:18:55,142 log INFO Load connection successful LOL
12:18:55,142 log INFO The number of unique drinks processed: 3
12:18:55,282 log INFO Load connection successful LOL
12:18:55,282 log INFO The number of unique locations processed: 0
12:18:55,368 log INFO Load connection successful LOL
12:18:55,826 log INFO Loading time: 1.1043
12:18:55,826 log INFO total time: 9.4168
16:11:32,90 botocore.credentials INFO Found credentials in shared credentials file: ~/.aws/credentials
16:11:32,284 log INFO logger import worked!
16:11:32,286 log INFO application ran
16:11:32,370 log INFO Connection successful LOL
16:11:43,82 log INFO Extract time: 10.7964
16:11:43,163 log INFO Connection successful LOL
16:11:43,273 log INFO Connection successful LOL
16:11:43,361 log INFO Transform time: 0.2788
16:11:43,450 log INFO Load connection successful LOL
16:11:43,450 log INFO The number of transactions processed:10
16:11:43,699 log INFO Load connection successful LOL
16:11:43,700 log INFO The number of unique drinks processed: 0
16:11:43,786 log INFO Load connection successful LOL
16:11:43,786 log INFO The number of unique locations processed: 0
16:11:43,869 log INFO Load connection successful LOL
16:11:44,332 log INFO Loading time: 0.9716
16:11:44,333 log INFO total time: 12.046800000000001
16:12:29,648 botocore.credentials INFO Found credentials in shared credentials file: ~/.aws/credentials
16:12:29,826 log INFO logger import worked!
16:12:29,827 log INFO application ran
16:12:29,906 log INFO Connection successful LOL
16:12:41,612 log INFO Extract time: 11.7842
16:12:41,685 log INFO Connection successful LOL
16:12:41,788 log INFO Connection successful LOL
16:15:04,210 botocore.credentials INFO Found credentials in shared credentials file: ~/.aws/credentials
16:15:04,381 log INFO logger import worked!
16:15:04,384 log INFO application ran
16:15:04,469 log INFO Connection successful LOL
16:15:16,878 log INFO Extract time: 12.4943
16:15:16,959 log INFO Connection successful LOL
16:15:17,66 log INFO Connection successful LOL
16:17:05,553 botocore.credentials INFO Found credentials in shared credentials file: ~/.aws/credentials
16:17:05,720 log INFO logger import worked!
16:17:05,722 log INFO application ran
16:17:05,801 log INFO Connection successful LOL
16:17:19,151 log INFO Extract time: 13.4289
16:17:19,227 log INFO Connection successful LOL
16:17:19,332 log INFO Connection successful LOL
16:20:34,780 botocore.credentials INFO Found credentials in shared credentials file: ~/.aws/credentials
16:20:34,952 log INFO logger import worked!
16:20:34,953 log INFO application ran
16:20:35,27 log INFO Connection successful LOL
16:20:47,569 log INFO Extract time: 12.6158
16:20:47,643 log INFO Connection successful LOL
16:20:47,753 log INFO Connection successful LOL
16:21:47,298 botocore.credentials INFO Found credentials in shared credentials file: ~/.aws/credentials
16:21:47,542 log INFO logger import worked!
16:21:47,544 log INFO application ran
16:21:47,626 log INFO Connection successful LOL
16:21:59,859 log INFO Extract time: 12.3155
16:21:59,939 log INFO Connection successful LOL
16:22:00,53 log INFO Connection successful LOL
16:24:24,819 botocore.credentials INFO Found credentials in shared credentials file: ~/.aws/credentials
16:24:24,993 log INFO logger import worked!
16:24:24,995 log INFO application ran
16:24:25,73 log INFO Connection successful LOL
16:24:38,200 log INFO Extract time: 13.2041
16:24:38,280 log INFO Connection successful LOL
16:24:38,387 log INFO Connection successful LOL
16:25:57,59 botocore.credentials INFO Found credentials in shared credentials file: ~/.aws/credentials
16:25:57,236 log INFO logger import worked!
16:25:57,238 log INFO application ran
16:25:57,315 log INFO Connection successful LOL
16:26:10,785 log INFO Extract time: 13.5473
16:26:10,860 log INFO Connection successful LOL
16:26:10,967 log INFO Connection successful LOL
16:26:11,26 log INFO Transform time: 0.2408
16:26:11,127 log INFO Load connection successful LOL
16:26:11,127 log INFO The number of transactions processed:10
16:26:11,394 log INFO Load connection successful LOL
16:26:11,394 log INFO The number of unique drinks processed: 0
16:26:11,478 log INFO Load connection successful LOL
16:26:11,478 log INFO The number of unique locations processed: 0
16:26:11,560 log INFO Load connection successful LOL
16:26:12,24 log INFO Loading time: 0.9985
16:26:12,24 log INFO total time: 14.7866
16:48:51,788 botocore.credentials INFO Found credentials in shared credentials file: ~/.aws/credentials
16:48:51,984 log INFO logger import worked!
16:48:51,986 log INFO application ran
16:48:52,72 log INFO Connection successful LOL
16:49:06,44 log INFO Extract time: 14.0576
16:49:06,129 log INFO Connection successful LOL
16:49:06,239 log INFO Connection successful LOL
16:49:06,323 log INFO Transform time: 0.2799
16:49:06,424 log INFO Load connection successful LOL
16:49:06,424 log INFO The number of transactions processed:10
16:49:06,735 log INFO Load connection successful LOL
16:49:06,735 log INFO The number of unique drinks processed: 0
16:49:06,864 log INFO Load connection successful LOL
16:49:06,864 log INFO The number of unique locations processed: 0
16:49:06,995 log INFO Load connection successful LOL
16:49:07,841 log INFO Loading time: 1.5176
16:49:07,841 log INFO total time: 15.8551
16:49:44,639 botocore.credentials INFO Found credentials in shared credentials file: ~/.aws/credentials
16:49:44,798 log INFO logger import worked!
16:49:44,800 log INFO application ran
16:49:44,881 log INFO Connection successful LOL
16:49:57,261 log INFO Extract time: 12.4606
16:49:57,340 log INFO Connection successful LOL
16:49:57,452 log INFO Connection successful LOL
16:49:57,526 log INFO Transform time: 0.2651
16:49:57,628 log INFO Load connection successful LOL
16:49:57,628 log INFO The number of transactions processed:10
16:49:57,886 log INFO Load connection successful LOL
16:49:57,886 log INFO The number of unique drinks processed: 0
16:49:57,969 log INFO Load connection successful LOL
16:49:57,969 log INFO The number of unique locations processed: 0
16:49:58,54 log INFO Load connection successful LOL
16:49:58,653 log INFO Loading time: 1.1271
16:49:58,653 log INFO total time: 13.8528
16:50:38,601 botocore.credentials INFO Found credentials in shared credentials file: ~/.aws/credentials
16:50:38,781 log INFO logger import worked!
16:50:38,782 log INFO application ran
16:50:38,857 log INFO Connection successful LOL
16:50:53,78 log INFO Extract time: 14.2955
16:50:53,157 log INFO Connection successful LOL
16:50:53,262 log INFO Connection successful LOL
16:50:53,336 log INFO Transform time: 0.2582
16:50:53,434 log INFO Load connection successful LOL
16:50:53,434 log INFO The number of transactions processed:10
16:50:53,691 log INFO Load connection successful LOL
16:50:53,691 log INFO The number of unique drinks processed: 0
16:50:53,778 log INFO Load connection successful LOL
16:50:53,778 log INFO The number of unique locations processed: 0
16:50:53,866 log INFO Load connection successful LOL
16:50:54,443 log INFO Loading time: 1.1066
16:50:54,443 log INFO total time: 15.660300000000001
16:53:04,316 log CRITICAL Connection failed lol (2003, "Can't connect to MySQL server on 'localhost' ([Errno 61] Connection refused)")
16:53:04,317 log CRITICAL Connection failed lol (2003, "Can't connect to MySQL server on 'localhost' ([Errno 61] Connection refused)")
16:53:04,318 log CRITICAL Connection failed lol (2003, "Can't connect to MySQL server on 'localhost' ([Errno 61] Connection refused)")
16:53:04,319 log CRITICAL Connection failed lol (2003, "Can't connect to MySQL server on 'localhost' ([Errno 61] Connection refused)")
16:53:04,320 log CRITICAL Connection failed lol (2003, "Can't connect to MySQL server on 'localhost' ([Errno 61] Connection refused)")
16:53:04,321 log CRITICAL Connection failed lol (2003, "Can't connect to MySQL server on 'localhost' ([Errno 61] Connection refused)")
16:53:04,321 log CRITICAL Connection failed lol (2003, "Can't connect to MySQL server on 'localhost' ([Errno 61] Connection refused)")
16:53:04,322 log CRITICAL Connection failed lol (2003, "Can't connect to MySQL server on 'localhost' ([Errno 61] Connection refused)")
16:53:04,323 log CRITICAL Connection failed lol (2003, "Can't connect to MySQL server on 'localhost' ([Errno 61] Connection refused)")
16:53:04,324 log CRITICAL Connection failed lol (2003, "Can't connect to MySQL server on 'localhost' ([Errno 61] Connection refused)")
16:53:04,325 log CRITICAL Connection failed lol (2003, "Can't connect to MySQL server on 'localhost' ([Errno 61] Connection refused)")
16:53:04,326 log CRITICAL Connection failed lol (2003, "Can't connect to MySQL server on 'localhost' ([Errno 61] Connection refused)")
16:53:04,327 log CRITICAL Connection failed lol (2003, "Can't connect to MySQL server on 'localhost' ([Errno 61] Connection refused)")
16:53:04,328 log CRITICAL Connection failed lol (2003, "Can't connect to MySQL server on 'localhost' ([Errno 61] Connection refused)")
16:53:04,329 log CRITICAL Connection failed lol (2003, "Can't connect to MySQL server on 'localhost' ([Errno 61] Connection refused)")
16:53:04,330 log CRITICAL Connection failed lol (2003, "Can't connect to MySQL server on 'localhost' ([Errno 61] Connection refused)")
16:53:04,331 log CRITICAL Connection failed lol (2003, "Can't connect to MySQL server on 'localhost' ([Errno 61] Connection refused)")
16:53:04,332 log CRITICAL Connection failed lol (2003, "Can't connect to MySQL server on 'localhost' ([Errno 61] Connection refused)")
16:53:04,333 log CRITICAL Connection failed lol (2003, "Can't connect to MySQL server on 'localhost' ([Errno 61] Connection refused)")
16:53:04,334 log CRITICAL Connection failed lol (2003, "Can't connect to MySQL server on 'localhost' ([Errno 61] Connection refused)")
16:53:04,335 log CRITICAL Connection failed lol (2003, "Can't connect to MySQL server on 'localhost' ([Errno 61] Connection refused)")
17:05:38,736 log CRITICAL Connection failed lol (2003, "Can't connect to MySQL server on 'localhost' ([Errno 61] Connection refused)")
17:05:38,738 log CRITICAL Connection failed lol (2003, "Can't connect to MySQL server on 'localhost' ([Errno 61] Connection refused)")
17:05:38,739 log CRITICAL Connection failed lol (2003, "Can't connect to MySQL server on 'localhost' ([Errno 61] Connection refused)")
17:05:38,740 log CRITICAL Connection failed lol (2003, "Can't connect to MySQL server on 'localhost' ([Errno 61] Connection refused)")
17:05:38,741 log CRITICAL Connection failed lol (2003, "Can't connect to MySQL server on 'localhost' ([Errno 61] Connection refused)")
17:05:38,742 log CRITICAL Connection failed lol (2003, "Can't connect to MySQL server on 'localhost' ([Errno 61] Connection refused)")
17:05:38,742 log CRITICAL Connection failed lol (2003, "Can't connect to MySQL server on 'localhost' ([Errno 61] Connection refused)")
17:05:38,743 log CRITICAL Connection failed lol (2003, "Can't connect to MySQL server on 'localhost' ([Errno 61] Connection refused)")
17:05:38,744 log CRITICAL Connection failed lol (2003, "Can't connect to MySQL server on 'localhost' ([Errno 61] Connection refused)")
17:05:38,745 log CRITICAL Connection failed lol (2003, "Can't connect to MySQL server on 'localhost' ([Errno 61] Connection refused)")
17:05:38,746 log CRITICAL Connection failed lol (2003, "Can't connect to MySQL server on 'localhost' ([Errno 61] Connection refused)")
17:05:38,747 log CRITICAL Connection failed lol (2003, "Can't connect to MySQL server on 'localhost' ([Errno 61] Connection refused)")
17:05:38,748 log CRITICAL Connection failed lol (2003, "Can't connect to MySQL server on 'localhost' ([Errno 61] Connection refused)")
17:05:38,748 log CRITICAL Connection failed lol (2003, "Can't connect to MySQL server on 'localhost' ([Errno 61] Connection refused)")
17:05:38,749 log CRITICAL Connection failed lol (2003, "Can't connect to MySQL server on 'localhost' ([Errno 61] Connection refused)")
17:05:38,750 log CRITICAL Connection failed lol (2003, "Can't connect to MySQL server on 'localhost' ([Errno 61] Connection refused)")
17:05:38,751 log CRITICAL Connection failed lol (2003, "Can't connect to MySQL server on 'localhost' ([Errno 61] Connection refused)")
17:05:38,752 log CRITICAL Connection failed lol (2003, "Can't connect to MySQL server on 'localhost' ([Errno 61] Connection refused)")
17:05:38,753 log CRITICAL Connection failed lol (2003, "Can't connect to MySQL server on 'localhost' ([Errno 61] Connection refused)")
17:05:38,754 log CRITICAL Connection failed lol (2003, "Can't connect to MySQL server on 'localhost' ([Errno 61] Connection refused)")
17:05:38,754 log CRITICAL Connection failed lol (2003, "Can't connect to MySQL server on 'localhost' ([Errno 61] Connection refused)")
